[2023-12-14T00:20:39.039+0000] {taskinstance.py:1159} INFO - Dependencies all met for dep_context=non-requeueable deps ti=<TaskInstance: my_dag.create_domains_info_table scheduled__2023-12-12T00:00:00+00:00 [queued]>
[2023-12-14T00:20:39.045+0000] {taskinstance.py:1159} INFO - Dependencies all met for dep_context=requeueable deps ti=<TaskInstance: my_dag.create_domains_info_table scheduled__2023-12-12T00:00:00+00:00 [queued]>
[2023-12-14T00:20:39.045+0000] {taskinstance.py:1361} INFO - Starting attempt 3 of 3
[2023-12-14T00:20:39.051+0000] {taskinstance.py:1382} INFO - Executing <Task(PostgresOperator): create_domains_info_table> on 2023-12-12 00:00:00+00:00
[2023-12-14T00:20:39.059+0000] {standard_task_runner.py:57} INFO - Started process 298 to run task
[2023-12-14T00:20:39.089+0000] {standard_task_runner.py:84} INFO - Running: ['***', 'tasks', 'run', 'my_dag', 'create_domains_info_table', 'scheduled__2023-12-12T00:00:00+00:00', '--job-id', '110', '--raw', '--subdir', 'DAGS_FOLDER/my_dag.py', '--cfg-path', '/tmp/tmpo0ob8r89']
[2023-12-14T00:20:39.104+0000] {standard_task_runner.py:85} INFO - Job 110: Subtask create_domains_info_table
[2023-12-14T00:20:39.162+0000] {task_command.py:416} INFO - Running <TaskInstance: my_dag.create_domains_info_table scheduled__2023-12-12T00:00:00+00:00 [running]> on host dde03b621bd8
[2023-12-14T00:20:39.214+0000] {taskinstance.py:1662} INFO - Exporting env vars: AIRFLOW_CTX_DAG_OWNER='***' AIRFLOW_CTX_DAG_ID='my_dag' AIRFLOW_CTX_TASK_ID='create_domains_info_table' AIRFLOW_CTX_EXECUTION_DATE='2023-12-12T00:00:00+00:00' AIRFLOW_CTX_TRY_NUMBER='3' AIRFLOW_CTX_DAG_RUN_ID='scheduled__2023-12-12T00:00:00+00:00'
[2023-12-14T00:20:39.218+0000] {sql.py:274} INFO - Executing: 
        CREATE TABLE IF NOT EXISTS DomainsInfo (
            id  SERIAL PRIMARY KEY,
            domain VARCHAR(128),
            info TEXT
        );
        
[2023-12-14T00:20:39.223+0000] {base.py:73} INFO - Using connection ID 'postgres_hw2' for task execution.
[2023-12-14T00:20:39.229+0000] {base.py:73} INFO - Using connection ID 'postgres_hw2' for task execution.
[2023-12-14T00:20:39.242+0000] {sql.py:418} INFO - Running statement: 
        CREATE TABLE IF NOT EXISTS DomainsInfo (
            id  SERIAL PRIMARY KEY,
            domain VARCHAR(128),
            info TEXT
        );
        , parameters: None
[2023-12-14T00:20:39.255+0000] {taskinstance.py:1400} INFO - Marking task as SUCCESS. dag_id=my_dag, task_id=create_domains_info_table, execution_date=20231212T000000, start_date=20231214T002039, end_date=20231214T002039
[2023-12-14T00:20:39.292+0000] {local_task_job_runner.py:228} INFO - Task exited with return code 0
[2023-12-14T00:20:39.312+0000] {taskinstance.py:2778} INFO - 1 downstream tasks scheduled from follow-on schedule check
