[2023-12-13T23:36:54.861+0000] {taskinstance.py:1159} INFO - Dependencies all met for dep_context=non-requeueable deps ti=<TaskInstance: my_dag.create_domains_info_table manual__2023-12-13T23:11:13.291775+00:00 [queued]>
[2023-12-13T23:36:54.876+0000] {taskinstance.py:1159} INFO - Dependencies all met for dep_context=requeueable deps ti=<TaskInstance: my_dag.create_domains_info_table manual__2023-12-13T23:11:13.291775+00:00 [queued]>
[2023-12-13T23:36:54.876+0000] {taskinstance.py:1361} INFO - Starting attempt 1 of 1
[2023-12-13T23:36:54.887+0000] {taskinstance.py:1382} INFO - Executing <Task(PostgresOperator): create_domains_info_table> on 2023-12-13 23:11:13.291775+00:00
[2023-12-13T23:36:54.895+0000] {standard_task_runner.py:57} INFO - Started process 602 to run task
[2023-12-13T23:36:54.903+0000] {standard_task_runner.py:84} INFO - Running: ['***', 'tasks', 'run', 'my_dag', 'create_domains_info_table', 'manual__2023-12-13T23:11:13.291775+00:00', '--job-id', '91', '--raw', '--subdir', 'DAGS_FOLDER/my_dag.py', '--cfg-path', '/tmp/tmpnwq5qzlv']
[2023-12-13T23:36:54.909+0000] {standard_task_runner.py:85} INFO - Job 91: Subtask create_domains_info_table
[2023-12-13T23:36:54.947+0000] {task_command.py:416} INFO - Running <TaskInstance: my_dag.create_domains_info_table manual__2023-12-13T23:11:13.291775+00:00 [running]> on host dde03b621bd8
[2023-12-13T23:36:55.006+0000] {taskinstance.py:1662} INFO - Exporting env vars: AIRFLOW_CTX_DAG_OWNER='***' AIRFLOW_CTX_DAG_ID='my_dag' AIRFLOW_CTX_TASK_ID='create_domains_info_table' AIRFLOW_CTX_EXECUTION_DATE='2023-12-13T23:11:13.291775+00:00' AIRFLOW_CTX_TRY_NUMBER='1' AIRFLOW_CTX_DAG_RUN_ID='manual__2023-12-13T23:11:13.291775+00:00'
[2023-12-13T23:36:55.006+0000] {sql.py:274} INFO - Executing: 
        CREATE TABLE IF NOT EXISTS DomainsInfo (
            id  SERIAL PRIMARY KEY,
            domain VARCHAR(128),
            info TEXT
        );
        
[2023-12-13T23:36:55.012+0000] {base.py:73} INFO - Using connection ID 'postgres_hw2' for task execution.
[2023-12-13T23:36:55.016+0000] {base.py:73} INFO - Using connection ID 'postgres_hw2' for task execution.
[2023-12-13T23:36:55.017+0000] {taskinstance.py:1937} ERROR - Task failed with exception
Traceback (most recent call last):
  File "/home/airflow/.local/lib/python3.8/site-packages/airflow/providers/common/sql/operators/sql.py", line 280, in execute
    output = hook.run(
  File "/home/airflow/.local/lib/python3.8/site-packages/airflow/providers/common/sql/hooks/sql.py", line 385, in run
    with closing(self.get_conn()) as conn:
  File "/home/airflow/.local/lib/python3.8/site-packages/airflow/providers/postgres/hooks/postgres.py", line 155, in get_conn
    self.conn = psycopg2.connect(**conn_args)
  File "/home/airflow/.local/lib/python3.8/site-packages/psycopg2/__init__.py", line 122, in connect
    conn = _connect(dsn, connection_factory=connection_factory, **kwasync)
psycopg2.OperationalError: connection to server at "localhost" (127.0.0.1), port 5433 failed: Connection refused
	Is the server running on that host and accepting TCP/IP connections?
connection to server at "localhost" (::1), port 5433 failed: Cannot assign requested address
	Is the server running on that host and accepting TCP/IP connections?

[2023-12-13T23:36:55.021+0000] {taskinstance.py:1400} INFO - Marking task as FAILED. dag_id=my_dag, task_id=create_domains_info_table, execution_date=20231213T231113, start_date=20231213T233654, end_date=20231213T233655
[2023-12-13T23:36:55.027+0000] {standard_task_runner.py:104} ERROR - Failed to execute job 91 for task create_domains_info_table (connection to server at "localhost" (127.0.0.1), port 5433 failed: Connection refused
	Is the server running on that host and accepting TCP/IP connections?
connection to server at "localhost" (::1), port 5433 failed: Cannot assign requested address
	Is the server running on that host and accepting TCP/IP connections?
; 602)
[2023-12-13T23:36:55.070+0000] {local_task_job_runner.py:228} INFO - Task exited with return code 1
[2023-12-13T23:36:55.085+0000] {taskinstance.py:2778} INFO - 0 downstream tasks scheduled from follow-on schedule check
