[2023-12-14T00:20:39.517+0000] {taskinstance.py:1159} INFO - Dependencies all met for dep_context=non-requeueable deps ti=<TaskInstance: my_dag.create_domains_info_table manual__2023-12-13T23:11:13.291775+00:00 [queued]>
[2023-12-14T00:20:39.536+0000] {taskinstance.py:1159} INFO - Dependencies all met for dep_context=requeueable deps ti=<TaskInstance: my_dag.create_domains_info_table manual__2023-12-13T23:11:13.291775+00:00 [queued]>
[2023-12-14T00:20:39.536+0000] {taskinstance.py:1361} INFO - Starting attempt 2 of 2
[2023-12-14T00:20:39.543+0000] {taskinstance.py:1382} INFO - Executing <Task(PostgresOperator): create_domains_info_table> on 2023-12-13 23:11:13.291775+00:00
[2023-12-14T00:20:39.551+0000] {standard_task_runner.py:57} INFO - Started process 316 to run task
[2023-12-14T00:20:39.560+0000] {standard_task_runner.py:84} INFO - Running: ['***', 'tasks', 'run', 'my_dag', 'create_domains_info_table', 'manual__2023-12-13T23:11:13.291775+00:00', '--job-id', '113', '--raw', '--subdir', 'DAGS_FOLDER/my_dag.py', '--cfg-path', '/tmp/tmpok07r9ub']
[2023-12-14T00:20:39.572+0000] {standard_task_runner.py:85} INFO - Job 113: Subtask create_domains_info_table
[2023-12-14T00:20:39.662+0000] {task_command.py:416} INFO - Running <TaskInstance: my_dag.create_domains_info_table manual__2023-12-13T23:11:13.291775+00:00 [running]> on host dde03b621bd8
[2023-12-14T00:20:39.742+0000] {taskinstance.py:1662} INFO - Exporting env vars: AIRFLOW_CTX_DAG_OWNER='***' AIRFLOW_CTX_DAG_ID='my_dag' AIRFLOW_CTX_TASK_ID='create_domains_info_table' AIRFLOW_CTX_EXECUTION_DATE='2023-12-13T23:11:13.291775+00:00' AIRFLOW_CTX_TRY_NUMBER='2' AIRFLOW_CTX_DAG_RUN_ID='manual__2023-12-13T23:11:13.291775+00:00'
[2023-12-14T00:20:39.745+0000] {sql.py:274} INFO - Executing: 
        CREATE TABLE IF NOT EXISTS DomainsInfo (
            id  SERIAL PRIMARY KEY,
            domain VARCHAR(128),
            info TEXT
        );
        
[2023-12-14T00:20:39.754+0000] {base.py:73} INFO - Using connection ID 'postgres_hw2' for task execution.
[2023-12-14T00:20:39.767+0000] {base.py:73} INFO - Using connection ID 'postgres_hw2' for task execution.
[2023-12-14T00:20:39.772+0000] {sql.py:418} INFO - Running statement: 
        CREATE TABLE IF NOT EXISTS DomainsInfo (
            id  SERIAL PRIMARY KEY,
            domain VARCHAR(128),
            info TEXT
        );
        , parameters: None
[2023-12-14T00:20:39.791+0000] {taskinstance.py:1400} INFO - Marking task as SUCCESS. dag_id=my_dag, task_id=create_domains_info_table, execution_date=20231213T231113, start_date=20231214T002039, end_date=20231214T002039
[2023-12-14T00:20:39.814+0000] {local_task_job_runner.py:228} INFO - Task exited with return code 0
[2023-12-14T00:20:39.831+0000] {taskinstance.py:2778} INFO - 1 downstream tasks scheduled from follow-on schedule check
