[2023-12-14T00:49:27.445+0000] {taskinstance.py:1159} INFO - Dependencies all met for dep_context=non-requeueable deps ti=<TaskInstance: my_dag.create_domains_info_table manual__2023-12-14T00:49:16.843372+00:00 [queued]>
[2023-12-14T00:49:27.459+0000] {taskinstance.py:1159} INFO - Dependencies all met for dep_context=requeueable deps ti=<TaskInstance: my_dag.create_domains_info_table manual__2023-12-14T00:49:16.843372+00:00 [queued]>
[2023-12-14T00:49:27.461+0000] {taskinstance.py:1361} INFO - Starting attempt 1 of 1
[2023-12-14T00:49:27.492+0000] {taskinstance.py:1382} INFO - Executing <Task(PostgresOperator): create_domains_info_table> on 2023-12-14 00:49:16.843372+00:00
[2023-12-14T00:49:27.507+0000] {standard_task_runner.py:57} INFO - Started process 303 to run task
[2023-12-14T00:49:27.523+0000] {standard_task_runner.py:84} INFO - Running: ['***', 'tasks', 'run', 'my_dag', 'create_domains_info_table', 'manual__2023-12-14T00:49:16.843372+00:00', '--job-id', '177', '--raw', '--subdir', 'DAGS_FOLDER/my_dag.py', '--cfg-path', '/tmp/tmp2ak4q8dp']
[2023-12-14T00:49:27.529+0000] {standard_task_runner.py:85} INFO - Job 177: Subtask create_domains_info_table
[2023-12-14T00:49:27.688+0000] {task_command.py:416} INFO - Running <TaskInstance: my_dag.create_domains_info_table manual__2023-12-14T00:49:16.843372+00:00 [running]> on host 091c42b107c6
[2023-12-14T00:49:41.891+0000] {taskinstance.py:1662} INFO - Exporting env vars: AIRFLOW_CTX_DAG_OWNER='***' AIRFLOW_CTX_DAG_ID='my_dag' AIRFLOW_CTX_TASK_ID='create_domains_info_table' AIRFLOW_CTX_EXECUTION_DATE='2023-12-14T00:49:16.843372+00:00' AIRFLOW_CTX_TRY_NUMBER='1' AIRFLOW_CTX_DAG_RUN_ID='manual__2023-12-14T00:49:16.843372+00:00'
[2023-12-14T00:49:41.893+0000] {sql.py:274} INFO - Executing: 
        CREATE TABLE IF NOT EXISTS DomainsInfo (
            id  SERIAL PRIMARY KEY,
            domain VARCHAR(128),
            info TEXT
        );
        
[2023-12-14T00:49:41.901+0000] {base.py:73} INFO - Using connection ID 'postgres_hw2' for task execution.
[2023-12-14T00:49:41.911+0000] {base.py:73} INFO - Using connection ID 'postgres_hw2' for task execution.
[2023-12-14T00:49:41.923+0000] {sql.py:418} INFO - Running statement: 
        CREATE TABLE IF NOT EXISTS DomainsInfo (
            id  SERIAL PRIMARY KEY,
            domain VARCHAR(128),
            info TEXT
        );
        , parameters: None
[2023-12-14T00:49:41.933+0000] {taskinstance.py:1400} INFO - Marking task as SUCCESS. dag_id=my_dag, task_id=create_domains_info_table, execution_date=20231214T004916, start_date=20231214T004927, end_date=20231214T004941
[2023-12-14T00:49:41.983+0000] {local_task_job_runner.py:228} INFO - Task exited with return code 0
[2023-12-14T00:49:42.008+0000] {taskinstance.py:2778} INFO - 1 downstream tasks scheduled from follow-on schedule check
