[2023-12-14T00:49:22.599+0000] {taskinstance.py:1159} INFO - Dependencies all met for dep_context=non-requeueable deps ti=<TaskInstance: my_dag.create_domains_table manual__2023-12-13T23:15:37.822912+00:00 [queued]>
[2023-12-14T00:49:22.619+0000] {taskinstance.py:1159} INFO - Dependencies all met for dep_context=requeueable deps ti=<TaskInstance: my_dag.create_domains_table manual__2023-12-13T23:15:37.822912+00:00 [queued]>
[2023-12-14T00:49:22.620+0000] {taskinstance.py:1361} INFO - Starting attempt 8 of 8
[2023-12-14T00:49:22.628+0000] {taskinstance.py:1382} INFO - Executing <Task(PostgresOperator): create_domains_table> on 2023-12-13 23:15:37.822912+00:00
[2023-12-14T00:49:22.633+0000] {standard_task_runner.py:57} INFO - Started process 203 to run task
[2023-12-14T00:49:22.642+0000] {standard_task_runner.py:84} INFO - Running: ['***', 'tasks', 'run', 'my_dag', 'create_domains_table', 'manual__2023-12-13T23:15:37.822912+00:00', '--job-id', '166', '--raw', '--subdir', 'DAGS_FOLDER/my_dag.py', '--cfg-path', '/tmp/tmp_mk_c5ee']
[2023-12-14T00:49:22.657+0000] {standard_task_runner.py:85} INFO - Job 166: Subtask create_domains_table
[2023-12-14T00:49:22.758+0000] {task_command.py:416} INFO - Running <TaskInstance: my_dag.create_domains_table manual__2023-12-13T23:15:37.822912+00:00 [running]> on host 091c42b107c6
[2023-12-14T00:49:22.867+0000] {taskinstance.py:1662} INFO - Exporting env vars: AIRFLOW_CTX_DAG_OWNER='***' AIRFLOW_CTX_DAG_ID='my_dag' AIRFLOW_CTX_TASK_ID='create_domains_table' AIRFLOW_CTX_EXECUTION_DATE='2023-12-13T23:15:37.822912+00:00' AIRFLOW_CTX_TRY_NUMBER='8' AIRFLOW_CTX_DAG_RUN_ID='manual__2023-12-13T23:15:37.822912+00:00'
[2023-12-14T00:49:22.869+0000] {sql.py:274} INFO - Executing: 
        CREATE TABLE IF NOT EXISTS DomainsToScrape (
            id  SERIAL PRIMARY KEY,
            domain VARCHAR(128) UNIQUE,
            scrapped BOOlEAN
        );
        
[2023-12-14T00:49:22.882+0000] {base.py:73} INFO - Using connection ID 'postgres_hw2' for task execution.
[2023-12-14T00:49:22.903+0000] {base.py:73} INFO - Using connection ID 'postgres_hw2' for task execution.
[2023-12-14T00:49:22.915+0000] {sql.py:418} INFO - Running statement: 
        CREATE TABLE IF NOT EXISTS DomainsToScrape (
            id  SERIAL PRIMARY KEY,
            domain VARCHAR(128) UNIQUE,
            scrapped BOOlEAN
        );
        , parameters: None
[2023-12-14T00:49:22.933+0000] {taskinstance.py:1400} INFO - Marking task as SUCCESS. dag_id=my_dag, task_id=create_domains_table, execution_date=20231213T231537, start_date=20231214T004922, end_date=20231214T004922
[2023-12-14T00:49:22.972+0000] {local_task_job_runner.py:228} INFO - Task exited with return code 0
[2023-12-14T00:49:22.993+0000] {taskinstance.py:2778} INFO - 1 downstream tasks scheduled from follow-on schedule check
