[2023-12-14T00:25:13.063+0000] {taskinstance.py:1159} INFO - Dependencies all met for dep_context=non-requeueable deps ti=<TaskInstance: my_dag.create_domains_table manual__2023-12-13T23:15:37.822912+00:00 [queued]>
[2023-12-14T00:25:13.068+0000] {taskinstance.py:1159} INFO - Dependencies all met for dep_context=requeueable deps ti=<TaskInstance: my_dag.create_domains_table manual__2023-12-13T23:15:37.822912+00:00 [queued]>
[2023-12-14T00:25:13.069+0000] {taskinstance.py:1361} INFO - Starting attempt 7 of 7
[2023-12-14T00:25:13.081+0000] {taskinstance.py:1382} INFO - Executing <Task(PostgresOperator): create_domains_table> on 2023-12-13 23:15:37.822912+00:00
[2023-12-14T00:25:13.087+0000] {standard_task_runner.py:57} INFO - Started process 1118 to run task
[2023-12-14T00:25:13.094+0000] {standard_task_runner.py:84} INFO - Running: ['***', 'tasks', 'run', 'my_dag', 'create_domains_table', 'manual__2023-12-13T23:15:37.822912+00:00', '--job-id', '131', '--raw', '--subdir', 'DAGS_FOLDER/my_dag.py', '--cfg-path', '/tmp/tmp719c38ai']
[2023-12-14T00:25:13.099+0000] {standard_task_runner.py:85} INFO - Job 131: Subtask create_domains_table
[2023-12-14T00:25:13.141+0000] {task_command.py:416} INFO - Running <TaskInstance: my_dag.create_domains_table manual__2023-12-13T23:15:37.822912+00:00 [running]> on host dde03b621bd8
[2023-12-14T00:25:13.205+0000] {taskinstance.py:1662} INFO - Exporting env vars: AIRFLOW_CTX_DAG_OWNER='***' AIRFLOW_CTX_DAG_ID='my_dag' AIRFLOW_CTX_TASK_ID='create_domains_table' AIRFLOW_CTX_EXECUTION_DATE='2023-12-13T23:15:37.822912+00:00' AIRFLOW_CTX_TRY_NUMBER='7' AIRFLOW_CTX_DAG_RUN_ID='manual__2023-12-13T23:15:37.822912+00:00'
[2023-12-14T00:25:13.209+0000] {sql.py:274} INFO - Executing: 
        CREATE TABLE IF NOT EXISTS DomainsToScrape (
            id  SERIAL PRIMARY KEY,
            domain VARCHAR(128) UNIQUE,
            scrapped BOOlEAN
        );
        
[2023-12-14T00:25:13.216+0000] {base.py:73} INFO - Using connection ID 'postgres_hw2' for task execution.
[2023-12-14T00:25:13.227+0000] {base.py:73} INFO - Using connection ID 'postgres_hw2' for task execution.
[2023-12-14T00:25:13.231+0000] {sql.py:418} INFO - Running statement: 
        CREATE TABLE IF NOT EXISTS DomainsToScrape (
            id  SERIAL PRIMARY KEY,
            domain VARCHAR(128) UNIQUE,
            scrapped BOOlEAN
        );
        , parameters: None
[2023-12-14T00:25:13.236+0000] {taskinstance.py:1400} INFO - Marking task as SUCCESS. dag_id=my_dag, task_id=create_domains_table, execution_date=20231213T231537, start_date=20231214T002513, end_date=20231214T002513
[2023-12-14T00:25:13.264+0000] {local_task_job_runner.py:228} INFO - Task exited with return code 0
[2023-12-14T00:25:13.284+0000] {taskinstance.py:2778} INFO - 1 downstream tasks scheduled from follow-on schedule check
