[2023-12-14T00:20:36.925+0000] {taskinstance.py:1159} INFO - Dependencies all met for dep_context=non-requeueable deps ti=<TaskInstance: my_dag.create_domains_table manual__2023-12-13T23:15:37.822912+00:00 [queued]>
[2023-12-14T00:20:36.930+0000] {taskinstance.py:1159} INFO - Dependencies all met for dep_context=requeueable deps ti=<TaskInstance: my_dag.create_domains_table manual__2023-12-13T23:15:37.822912+00:00 [queued]>
[2023-12-14T00:20:36.931+0000] {taskinstance.py:1361} INFO - Starting attempt 6 of 6
[2023-12-14T00:20:36.941+0000] {taskinstance.py:1382} INFO - Executing <Task(PostgresOperator): create_domains_table> on 2023-12-13 23:15:37.822912+00:00
[2023-12-14T00:20:36.945+0000] {standard_task_runner.py:57} INFO - Started process 242 to run task
[2023-12-14T00:20:36.948+0000] {standard_task_runner.py:84} INFO - Running: ['***', 'tasks', 'run', 'my_dag', 'create_domains_table', 'manual__2023-12-13T23:15:37.822912+00:00', '--job-id', '107', '--raw', '--subdir', 'DAGS_FOLDER/my_dag.py', '--cfg-path', '/tmp/tmpjoc9n0lv']
[2023-12-14T00:20:36.951+0000] {standard_task_runner.py:85} INFO - Job 107: Subtask create_domains_table
[2023-12-14T00:20:36.981+0000] {task_command.py:416} INFO - Running <TaskInstance: my_dag.create_domains_table manual__2023-12-13T23:15:37.822912+00:00 [running]> on host dde03b621bd8
[2023-12-14T00:20:37.024+0000] {taskinstance.py:1662} INFO - Exporting env vars: AIRFLOW_CTX_DAG_OWNER='***' AIRFLOW_CTX_DAG_ID='my_dag' AIRFLOW_CTX_TASK_ID='create_domains_table' AIRFLOW_CTX_EXECUTION_DATE='2023-12-13T23:15:37.822912+00:00' AIRFLOW_CTX_TRY_NUMBER='6' AIRFLOW_CTX_DAG_RUN_ID='manual__2023-12-13T23:15:37.822912+00:00'
[2023-12-14T00:20:37.025+0000] {sql.py:274} INFO - Executing: 
        CREATE TABLE IF NOT EXISTS DomainsToScrape (
            id  SERIAL PRIMARY KEY,
            domain VARCHAR(128) UNIQUE,
            scrapped BOOlEAN
        );
        
[2023-12-14T00:20:37.029+0000] {base.py:73} INFO - Using connection ID 'postgres_hw2' for task execution.
[2023-12-14T00:20:37.033+0000] {base.py:73} INFO - Using connection ID 'postgres_hw2' for task execution.
[2023-12-14T00:20:37.037+0000] {sql.py:418} INFO - Running statement: 
        CREATE TABLE IF NOT EXISTS DomainsToScrape (
            id  SERIAL PRIMARY KEY,
            domain VARCHAR(128) UNIQUE,
            scrapped BOOlEAN
        );
        , parameters: None
[2023-12-14T00:20:37.042+0000] {taskinstance.py:1400} INFO - Marking task as SUCCESS. dag_id=my_dag, task_id=create_domains_table, execution_date=20231213T231537, start_date=20231214T002036, end_date=20231214T002037
[2023-12-14T00:20:37.079+0000] {local_task_job_runner.py:228} INFO - Task exited with return code 0
[2023-12-14T00:20:37.112+0000] {taskinstance.py:2778} INFO - 0 downstream tasks scheduled from follow-on schedule check
