[2023-12-14T01:49:25.764+0000] {taskinstance.py:1159} INFO - Dependencies all met for dep_context=non-requeueable deps ti=<TaskInstance: my_dag.create_domains_table manual__2023-12-14T01:49:23.167658+00:00 [queued]>
[2023-12-14T01:49:25.767+0000] {taskinstance.py:1159} INFO - Dependencies all met for dep_context=requeueable deps ti=<TaskInstance: my_dag.create_domains_table manual__2023-12-14T01:49:23.167658+00:00 [queued]>
[2023-12-14T01:49:25.768+0000] {taskinstance.py:1361} INFO - Starting attempt 1 of 1
[2023-12-14T01:49:25.773+0000] {taskinstance.py:1382} INFO - Executing <Task(PostgresOperator): create_domains_table> on 2023-12-14 01:49:23.167658+00:00
[2023-12-14T01:49:25.778+0000] {standard_task_runner.py:57} INFO - Started process 1446 to run task
[2023-12-14T01:49:25.781+0000] {standard_task_runner.py:84} INFO - Running: ['***', 'tasks', 'run', 'my_dag', 'create_domains_table', 'manual__2023-12-14T01:49:23.167658+00:00', '--job-id', '192', '--raw', '--subdir', 'DAGS_FOLDER/my_dag.py', '--cfg-path', '/tmp/tmprb8n5lej']
[2023-12-14T01:49:25.784+0000] {standard_task_runner.py:85} INFO - Job 192: Subtask create_domains_table
[2023-12-14T01:49:25.808+0000] {task_command.py:416} INFO - Running <TaskInstance: my_dag.create_domains_table manual__2023-12-14T01:49:23.167658+00:00 [running]> on host 091c42b107c6
[2023-12-14T01:49:25.840+0000] {taskinstance.py:1662} INFO - Exporting env vars: AIRFLOW_CTX_DAG_OWNER='***' AIRFLOW_CTX_DAG_ID='my_dag' AIRFLOW_CTX_TASK_ID='create_domains_table' AIRFLOW_CTX_EXECUTION_DATE='2023-12-14T01:49:23.167658+00:00' AIRFLOW_CTX_TRY_NUMBER='1' AIRFLOW_CTX_DAG_RUN_ID='manual__2023-12-14T01:49:23.167658+00:00'
[2023-12-14T01:49:25.841+0000] {sql.py:274} INFO - Executing: 
        CREATE TABLE IF NOT EXISTS Scrapes (
            id  SERIAL PRIMARY KEY,
            domain VARCHAR(128) UNIQUE,
            scrapped BOOlEAN
        );
        
[2023-12-14T01:49:25.845+0000] {base.py:73} INFO - Using connection ID 'postgres_hw2' for task execution.
[2023-12-14T01:49:25.848+0000] {base.py:73} INFO - Using connection ID 'postgres_hw2' for task execution.
[2023-12-14T01:49:25.855+0000] {sql.py:418} INFO - Running statement: 
        CREATE TABLE IF NOT EXISTS Scrapes (
            id  SERIAL PRIMARY KEY,
            domain VARCHAR(128) UNIQUE,
            scrapped BOOlEAN
        );
        , parameters: None
[2023-12-14T01:49:25.877+0000] {taskinstance.py:1400} INFO - Marking task as SUCCESS. dag_id=my_dag, task_id=create_domains_table, execution_date=20231214T014923, start_date=20231214T014925, end_date=20231214T014925
[2023-12-14T01:49:25.914+0000] {local_task_job_runner.py:228} INFO - Task exited with return code 0
[2023-12-14T01:49:25.928+0000] {taskinstance.py:2778} INFO - 1 downstream tasks scheduled from follow-on schedule check
