[2023-12-14T00:49:22.597+0000] {taskinstance.py:1159} INFO - Dependencies all met for dep_context=non-requeueable deps ti=<TaskInstance: my_dag.create_domains_table manual__2023-12-13T23:36:49.021983+00:00 [queued]>
[2023-12-14T00:49:22.611+0000] {taskinstance.py:1159} INFO - Dependencies all met for dep_context=requeueable deps ti=<TaskInstance: my_dag.create_domains_table manual__2023-12-13T23:36:49.021983+00:00 [queued]>
[2023-12-14T00:49:22.612+0000] {taskinstance.py:1361} INFO - Starting attempt 4 of 4
[2023-12-14T00:49:22.634+0000] {taskinstance.py:1382} INFO - Executing <Task(PostgresOperator): create_domains_table> on 2023-12-13 23:36:49.021983+00:00
[2023-12-14T00:49:22.663+0000] {standard_task_runner.py:57} INFO - Started process 207 to run task
[2023-12-14T00:49:22.686+0000] {standard_task_runner.py:84} INFO - Running: ['***', 'tasks', 'run', 'my_dag', 'create_domains_table', 'manual__2023-12-13T23:36:49.021983+00:00', '--job-id', '172', '--raw', '--subdir', 'DAGS_FOLDER/my_dag.py', '--cfg-path', '/tmp/tmps3h6w5tb']
[2023-12-14T00:49:22.705+0000] {standard_task_runner.py:85} INFO - Job 172: Subtask create_domains_table
[2023-12-14T00:49:22.790+0000] {task_command.py:416} INFO - Running <TaskInstance: my_dag.create_domains_table manual__2023-12-13T23:36:49.021983+00:00 [running]> on host 091c42b107c6
[2023-12-14T00:49:22.894+0000] {taskinstance.py:1662} INFO - Exporting env vars: AIRFLOW_CTX_DAG_OWNER='***' AIRFLOW_CTX_DAG_ID='my_dag' AIRFLOW_CTX_TASK_ID='create_domains_table' AIRFLOW_CTX_EXECUTION_DATE='2023-12-13T23:36:49.021983+00:00' AIRFLOW_CTX_TRY_NUMBER='4' AIRFLOW_CTX_DAG_RUN_ID='manual__2023-12-13T23:36:49.021983+00:00'
[2023-12-14T00:49:22.898+0000] {sql.py:274} INFO - Executing: 
        CREATE TABLE IF NOT EXISTS DomainsToScrape (
            id  SERIAL PRIMARY KEY,
            domain VARCHAR(128) UNIQUE,
            scrapped BOOlEAN
        );
        
[2023-12-14T00:49:22.914+0000] {base.py:73} INFO - Using connection ID 'postgres_hw2' for task execution.
[2023-12-14T00:49:22.926+0000] {base.py:73} INFO - Using connection ID 'postgres_hw2' for task execution.
[2023-12-14T00:49:22.933+0000] {sql.py:418} INFO - Running statement: 
        CREATE TABLE IF NOT EXISTS DomainsToScrape (
            id  SERIAL PRIMARY KEY,
            domain VARCHAR(128) UNIQUE,
            scrapped BOOlEAN
        );
        , parameters: None
[2023-12-14T00:49:22.962+0000] {taskinstance.py:1400} INFO - Marking task as SUCCESS. dag_id=my_dag, task_id=create_domains_table, execution_date=20231213T233649, start_date=20231214T004922, end_date=20231214T004922
[2023-12-14T00:49:23.012+0000] {local_task_job_runner.py:228} INFO - Task exited with return code 0
[2023-12-14T00:49:23.049+0000] {taskinstance.py:2778} INFO - 1 downstream tasks scheduled from follow-on schedule check
